<?xml version="1.0" encoding="UTF-8"?>
<!-- Generated by org.testng.reporters.JUnitXMLReporter -->
<testsuite ignored="0" hostname="ZTDC02FGKD0Q6L4" failures="0" tests="1" name="Surefire test" time="0.022" errors="0" timestamp="2026-07-13T16:07:35 IST">
  <testcase classname="TestCases.BaseClass" name="@BeforeClass setUp" time="-1.783939055042E9">
    <failure type="org.testng.TestNGException" message="
Parameter &amp;apos;browser&amp;apos; is required by BeforeClass on method setUp but has not been marked @Optional or defined
">
      <![CDATA[org.testng.TestNGException: 
Parameter 'browser' is required by BeforeClass on method setUp but has not been marked @Optional or defined

at java.base/java.util.ArrayList.forEach(ArrayList.java:1596)
... Removed 27 stack frames]]>
    </failure>
  </testcase> <!-- @BeforeClass setUp -->
  <testcase classname="TestCases.BaseClass" name="@AfterClass tearDown" time="0.0">
    <skipped/>
  </testcase> <!-- @AfterClass tearDown -->
  <testcase classname="TestCases.T002_LoginTest" name="login_test" time="0.0">
    <skipped/>
  </testcase> <!-- login_test -->
</testsuite> <!-- Surefire test -->
