<?xml version="1.0" encoding="UTF-8"?>
<testng-results ignored="0" total="1" passed="1" failed="0" skipped="0">
  <reporter-output>
  </reporter-output>
  <suite started-at="2026-07-14T16:17:14 IST" name="Suite" finished-at="2026-07-14T16:17:55 IST" duration-ms="40381">
    <groups>
      <group name="regression">
        <method signature="T002_LoginTest.login_test()[pri:0, instance:TestCases.T002_LoginTest@52e6fdee]" name="login_test" class="TestCases.T002_LoginTest"/>
      </group> <!-- regression -->
      <group name="sanity">
        <method signature="T002_LoginTest.login_test()[pri:0, instance:TestCases.T002_LoginTest@52e6fdee]" name="login_test" class="TestCases.T002_LoginTest"/>
      </group> <!-- sanity -->
      <group name="master">
        <method signature="T002_LoginTest.login_test()[pri:0, instance:TestCases.T002_LoginTest@52e6fdee]" name="login_test" class="TestCases.T002_LoginTest"/>
      </group> <!-- master -->
    </groups>
    <test started-at="2026-07-14T16:17:14 IST" name="Test" finished-at="2026-07-14T16:17:55 IST" duration-ms="40381">
      <class name="TestCases.T002_LoginTest">
        <test-method is-config="true" signature="setUp(java.lang.String,java.lang.String)[pri:0, instance:TestCases.T002_LoginTest@52e6fdee]" started-at="2026-07-14T16:17:14 IST" name="setUp" finished-at="2026-07-14T16:17:20 IST" duration-ms="5787" status="PASS">
          <params>
            <param index="0">
              <value>
                <![CDATA[Windows]]>
              </value>
            </param>
            <param index="1">
              <value>
                <![CDATA[chrome]]>
              </value>
            </param>
          </params>
          <reporter-output>
          </reporter-output>
        </test-method> <!-- setUp -->
        <test-method signature="login_test()[pri:0, instance:TestCases.T002_LoginTest@52e6fdee]" started-at="2026-07-14T16:17:20 IST" name="login_test" finished-at="2026-07-14T16:17:42 IST" duration-ms="21755" status="PASS">
          <reporter-output>
          </reporter-output>
        </test-method> <!-- login_test -->
        <test-method is-config="true" signature="tearDown()[pri:0, instance:TestCases.T002_LoginTest@52e6fdee]" started-at="2026-07-14T16:17:42 IST" name="tearDown" finished-at="2026-07-14T16:17:55 IST" duration-ms="12805" status="PASS">
          <reporter-output>
          </reporter-output>
        </test-method> <!-- tearDown -->
      </class> <!-- TestCases.T002_LoginTest -->
    </test> <!-- Test -->
  </suite> <!-- Suite -->
</testng-results>
