<?xml version="1.0" encoding="UTF-8"?>
<testsuite xmlns:xsi="http://www.w3.org/2001/XMLSchema-instance" xsi:noNamespaceSchemaLocation="https://maven.apache.org/surefire/maven-surefire-plugin/xsd/surefire-test-report.xsd" version="3.0.2" name="TestSuite" time="41.331" tests="1" errors="0" skipped="0" failures="0">
  <properties>
[...]
</properties>
  <testcase name="login_test" classname="TestCases.T002_LoginTest" time="21.752">
    <system-out><![CDATA[https://tutorialsninja.com/demo/INFO - ***starting the test***
INFO - ***clicking accounts***
INFO - ***clicking login***
INFO - ***clicking submit***
]]></system-out>
    <system-err><![CDATA[SLF4J(W): No SLF4J providers were found.
SLF4J(W): Defaulting to no-operation (NOP) logger implementation
SLF4J(W): See https://www.slf4j.org/codes.html#noProviders for further details.
SLF4J(W): Class path contains SLF4J bindings targeting slf4j-api versions 1.7.x or earlier.
SLF4J(W): Ignoring binding found at [jar:file:/Users/anjana.gopalant@iqvia.com/.m2/repository/org/apache/logging/log4j/log4j-slf4j-impl/2.26.1/log4j-slf4j-impl-2.26.1.jar!/org/slf4j/impl/StaticLoggerBinder.class]
SLF4J(W): See https://www.slf4j.org/codes.html#ignoredBindings for an explanation.
2026-07-14T10:47:16.026241Z main DEBUG Apache Log4j Core 2.26 initializing configuration XmlConfiguration[location=/Users/anjana.gopalant@iqvia.com/eclipse-workspace/Datadriven/target/test-classes/log4j2.xml, lastModified=2026-07-14T10:28:15.922Z]
2026-07-14T10:47:16.027923Z main DEBUG PluginManager 'Core' found 134 plugins
2026-07-14T10:47:16.028163Z main DEBUG PluginManager 'Level' found 0 plugins
2026-07-14T10:47:16.032632Z main DEBUG Building Plugin[name=Property, class=org.apache.logging.log4j.core.config.Property].
2026-07-14T10:47:16.043665Z main DEBUG PluginManager 'TypeConverter' found 26 plugins
2026-07-14T10:47:16.049576Z main DEBUG createProperty(name="basePath", value="/Users/anjana.gopalant@iqvia.com/eclipse-workspace/Datadriven/logs", Configuration(/Users/anjana.gopalant@iqvia.com/eclipse-workspace/Datadriven/target/test-classes/log4j2.xml))
2026-07-14T10:47:16.050689Z main DEBUG Building Plugin[name=Properties, class=org.apache.logging.log4j.core.config.PropertiesPlugin].
2026-07-14T10:47:16.052271Z main DEBUG configureSubstitutor(={basePath=/Users/anjana.gopalant@iqvia.com/eclipse-workspace/Datadriven/logs}, Configuration(/Users/anjana.gopalant@iqvia.com/eclipse-workspace/Datadriven/target/test-classes/log4j2.xml))
2026-07-14T10:47:16.053414Z main DEBUG PluginManager 'Lookup' found 15 plugins
2026-07-14T10:47:16.053837Z main DEBUG Building Plugin[name=layout, class=org.apache.logging.log4j.core.layout.PatternLayout].
2026-07-14T10:47:16.061343Z main DEBUG PatternLayout$Builder(pattern="%p - %m%n", PatternSelector=null, Configuration(/Users/anjana.gopalant@iqvia.com/eclipse-workspace/Datadriven/target/test-classes/log4j2.xml), Replace=null, charset="null", alwaysWriteExceptions="null", disableAnsi="null", noConsoleNoAnsi="null", header="null", footer="null")
2026-07-14T10:47:16.062378Z main DEBUG PluginManager 'Converter' found 45 plugins
2026-07-14T10:47:16.070725Z main DEBUG Building Plugin[name=appender, class=org.apache.logging.log4j.core.appender.ConsoleAppender].
2026-07-14T10:47:16.075049Z main DEBUG ConsoleAppender$Builder(target="SYSTEM_OUT", follow="null", direct="null", bufferedIo="null", bufferSize="null", immediateFlush="null", ignoreExceptions="null", PatternLayout(%p - %m%n), name="CONSOLE", Configuration(/Users/anjana.gopalant@iqvia.com/eclipse-workspace/Datadriven/target/test-classes/log4j2.xml), Filter=null, ={})
2026-07-14T10:47:16.076120Z main DEBUG Starting OutputStreamManager SYSTEM_OUT.false.false
2026-07-14T10:47:16.076260Z main DEBUG Building Plugin[name=layout, class=org.apache.logging.log4j.core.layout.PatternLayout].
2026-07-14T10:47:16.076572Z main DEBUG PatternLayout$Builder(pattern="%d [%t] %p %c - %m%n", PatternSelector=null, Configuration(/Users/anjana.gopalant@iqvia.com/eclipse-workspace/Datadriven/target/test-classes/log4j2.xml), Replace=null, charset="null", alwaysWriteExceptions="null", disableAnsi="null", noConsoleNoAnsi="null", header="null", footer="null")
2026-07-14T10:47:16.083892Z main DEBUG Building Plugin[name=TimeBasedTriggeringPolicy, class=org.apache.logging.log4j.core.appender.rolling.TimeBasedTriggeringPolicy].
2026-07-14T10:47:16.085301Z main DEBUG TimeBasedTriggeringPolicy$Builder(interval="1", modulate="null", maxRandomDelay="null")
2026-07-14T10:47:16.085414Z main DEBUG Building Plugin[name=Policies, class=org.apache.logging.log4j.core.appender.rolling.CompositeTriggeringPolicy].
2026-07-14T10:47:16.085608Z main DEBUG createPolicy(={TimeBasedTriggeringPolicy(nextRolloverMillis=0, interval=1, modulate=false)})
2026-07-14T10:47:16.085767Z main DEBUG Building Plugin[name=appender, class=org.apache.logging.log4j.core.appender.RollingFileAppender].
2026-07-14T10:47:16.087066Z main DEBUG RollingFileAppender$Builder(fileName="/Users/anjana.gopalant@iqvia.com/eclipse-workspace/Datadriven/logs/automation.log", filePattern="/Users/anjana.gopalant@iqvia.com/eclipse-workspace/Datadriven/logs/automation-%d{yyyy-MM-dd}.log.gz", append="null", locking="null", Policies(CompositeTriggeringPolicy(policies=[TimeBasedTriggeringPolicy(nextRolloverMillis=0, interval=1, modulate=false)])), Strategy=null, advertise="null", advertiseUri="null", createOnDemand="null", filePermissions="null", fileOwner="null", fileGroup="null", bufferedIo="null", bufferSize="null", immediateFlush="null", ignoreExceptions="null", PatternLayout(%d [%t] %p %c - %m%n), name="File", Configuration(/Users/anjana.gopalant@iqvia.com/eclipse-workspace/Datadriven/target/test-classes/log4j2.xml), Filter=null, ={})
2026-07-14T10:47:16.095636Z main DEBUG Returning file creation time for /Users/anjana.gopalant@iqvia.com/eclipse-workspace/Datadriven/logs/automation.log
2026-07-14T10:47:16.095798Z main DEBUG Starting RollingFileManager /Users/anjana.gopalant@iqvia.com/eclipse-workspace/Datadriven/logs/automation.log
2026-07-14T10:47:16.096568Z main DEBUG PluginManager 'FileConverter' found 2 plugins
2026-07-14T10:47:16.098146Z main DEBUG Setting prev file time to 2026-07-14T16:06:31.000+0530
2026-07-14T10:47:16.098245Z main DEBUG Initializing triggering policy CompositeTriggeringPolicy(policies=[TimeBasedTriggeringPolicy(nextRolloverMillis=0, interval=1, modulate=false)])
2026-07-14T10:47:16.098331Z main DEBUG Initializing triggering policy TimeBasedTriggeringPolicy(nextRolloverMillis=0, interval=1, modulate=false)
2026-07-14T10:47:16.098626Z main DEBUG Building Plugin[name=Appenders, class=org.apache.logging.log4j.core.config.AppendersPlugin].
2026-07-14T10:47:16.098793Z main DEBUG createAppenders(={CONSOLE, File})
2026-07-14T10:47:16.098926Z main DEBUG Building Plugin[name=AppenderRef, class=org.apache.logging.log4j.core.config.AppenderRef].
2026-07-14T10:47:16.099104Z main DEBUG createAppenderRef(ref="File", level="null", Filter=null)
2026-07-14T10:47:16.099581Z main DEBUG Building Plugin[name=AppenderRef, class=org.apache.logging.log4j.core.config.AppenderRef].
2026-07-14T10:47:16.099732Z main DEBUG createAppenderRef(ref="CONSOLE", level="null", Filter=null)
2026-07-14T10:47:16.099807Z main DEBUG Building Plugin[name=Root, class=org.apache.logging.log4j.core.config.LoggerConfig$RootLogger].
2026-07-14T10:47:16.100574Z main DEBUG LoggerConfig$RootLogger$Builder(additivity="null", level="DEBUG", levelAndRefs="null", includeLocation="null", ={File, CONSOLE}, ={}, Configuration(/Users/anjana.gopalant@iqvia.com/eclipse-workspace/Datadriven/target/test-classes/log4j2.xml), Filter=null)
2026-07-14T10:47:16.101462Z main DEBUG Building Plugin[name=Loggers, class=org.apache.logging.log4j.core.config.LoggersPlugin].
2026-07-14T10:47:16.101693Z main DEBUG createLoggers(={root})
2026-07-14T10:47:16.101864Z main DEBUG Configuration XmlConfiguration[location=/Users/anjana.gopalant@iqvia.com/eclipse-workspace/Datadriven/target/test-classes/log4j2.xml, lastModified=2026-07-14T10:28:15.922Z] initialized
2026-07-14T10:47:16.101953Z main INFO Starting configuration XmlConfiguration[location=/Users/anjana.gopalant@iqvia.com/eclipse-workspace/Datadriven/target/test-classes/log4j2.xml, lastModified=2026-07-14T10:28:15.922Z]...
2026-07-14T10:47:16.102048Z main INFO Configuration XmlConfiguration[location=/Users/anjana.gopalant@iqvia.com/eclipse-workspace/Datadriven/target/test-classes/log4j2.xml, lastModified=2026-07-14T10:28:15.922Z] started.
2026-07-14T10:47:16.103343Z main INFO Stopping configuration org.apache.logging.log4j.core.config.DefaultConfiguration@2438dcd...
2026-07-14T10:47:16.103488Z main DEBUG Shutting down OutputStreamManager SYSTEM_OUT.false.false-1
2026-07-14T10:47:16.103577Z main DEBUG OutputStream closed
2026-07-14T10:47:16.103653Z main DEBUG Shut down OutputStreamManager SYSTEM_OUT.false.false-1, all resources released: true
2026-07-14T10:47:16.103724Z main DEBUG Appender DefaultConsole-1 stopped with status true
2026-07-14T10:47:16.103798Z main INFO Configuration org.apache.logging.log4j.core.config.DefaultConfiguration@2438dcd stopped.
2026-07-14T10:47:16.104523Z main DEBUG org.apache.logging.log4j.core.util.SystemClock supports precise timestamps.
2026-07-14T10:47:16.104707Z main DEBUG Reconfiguration complete for context[name=2c854dc5] at URI /Users/anjana.gopalant@iqvia.com/eclipse-workspace/Datadriven/target/test-classes/log4j2.xml (org.apache.logging.log4j.core.LoggerContext@ebaa6cb) with optional ClassLoader: null
2026-07-14T10:47:16.104794Z main DEBUG Shutdown hook enabled. Registering a new one.
2026-07-14T10:47:16.105133Z main DEBUG LoggerContext[name=2c854dc5, org.apache.logging.log4j.core.LoggerContext@ebaa6cb] started OK.
]]></system-err>
  </testcase>
</testsuite>